<?xml version="1.0" encoding="UTF-8"?>
  <testsuites tests="16" disabled="0" errors="0" failures="0" time="1.078724834">
      <testsuite name="Controller Suite" package="/Users/ahmadkrismanryuzaki/Documents/training go/go-unit-test/internal/controllers" tests="4" disabled="0" skipped="0" errors="0" failures="0" time="0.636120209" timestamp="2024-06-21T03:01:48">
          <properties>
              <property name="SuiteSucceeded" value="true"></property>
              <property name="SuiteHasProgrammaticFocus" value="false"></property>
              <property name="SpecialSuiteFailureReason" value=""></property>
              <property name="SuiteLabels" value="[]"></property>
              <property name="RandomSeed" value="1718913697"></property>
              <property name="RandomizeAllSpecs" value="false"></property>
              <property name="LabelFilter" value=""></property>
              <property name="FocusStrings" value=""></property>
              <property name="SkipStrings" value=""></property>
              <property name="FocusFiles" value=""></property>
              <property name="SkipFiles" value=""></property>
              <property name="FailOnPending" value="false"></property>
              <property name="FailOnEmpty" value="false"></property>
              <property name="FailFast" value="false"></property>
              <property name="FlakeAttempts" value="0"></property>
              <property name="DryRun" value="false"></property>
              <property name="ParallelTotal" value="1"></property>
              <property name="OutputInterceptorMode" value=""></property>
          </properties>
          <testcase name="[It] ControllerTest SignUp when sign up is successful should return 200 OK" classname="Controller Suite" status="passed" time="0.545356">
              <system-err>&gt; Enter [BeforeEach] ControllerTest - /Users/ahmadkrismanryuzaki/Documents/training go/go-unit-test/internal/controllers/controller_test.go:30 @ 06/21/24 03:01:48.562&#xA;&lt; Exit [BeforeEach] ControllerTest - /Users/ahmadkrismanryuzaki/Documents/training go/go-unit-test/internal/controllers/controller_test.go:30 @ 06/21/24 03:01:49 (439ms)&#xA;&gt; Enter [It] should return 200 OK - /Users/ahmadkrismanryuzaki/Documents/training go/go-unit-test/internal/controllers/controller_test.go:44 @ 06/21/24 03:01:49&#xA;&lt; Exit [It] should return 200 OK - /Users/ahmadkrismanryuzaki/Documents/training go/go-unit-test/internal/controllers/controller_test.go:44 @ 06/21/24 03:01:49.001 (0s)&#xA;&gt; Enter [AfterEach] ControllerTest - /Users/ahmadkrismanryuzaki/Documents/training go/go-unit-test/internal/controllers/controller_test.go:38 @ 06/21/24 03:01:49.001&#xA;&lt; Exit [AfterEach] ControllerTest - /Users/ahmadkrismanryuzaki/Documents/training go/go-unit-test/internal/controllers/controller_test.go:38 @ 06/21/24 03:01:49.001 (0s)&#xA;&gt; Enter [DeferCleanup (Each)] ControllerTest - /Users/ahmadkrismanryuzaki/Documents/dsi/service/pkg/mod/github.com/golang/mock@v1.6.0/gomock/controller.go:137 @ 06/21/24 03:01:49.107&#xA;&lt; Exit [DeferCleanup (Each)] ControllerTest - /Users/ahmadkrismanryuzaki/Documents/dsi/service/pkg/mod/github.com/golang/mock@v1.6.0/gomock/controller.go:137 @ 06/21/24 03:01:49.107 (0s)&#xA;</system-err>
          </testcase>
          <testcase name="[It] ControllerTest SignUp when sign up fails should return 404 OK" classname="Controller Suite" status="passed" time="0.014286333">
              <system-err>&gt; Enter [BeforeEach] ControllerTest - /Users/ahmadkrismanryuzaki/Documents/training go/go-unit-test/internal/controllers/controller_test.go:30 @ 06/21/24 03:01:49.14&#xA;&lt; Exit [BeforeEach] ControllerTest - /Users/ahmadkrismanryuzaki/Documents/training go/go-unit-test/internal/controllers/controller_test.go:30 @ 06/21/24 03:01:49.14 (0s)&#xA;&gt; Enter [It] should return 404 OK - /Users/ahmadkrismanryuzaki/Documents/training go/go-unit-test/internal/controllers/controller_test.go:60 @ 06/21/24 03:01:49.14&#xA;&lt; Exit [It] should return 404 OK - /Users/ahmadkrismanryuzaki/Documents/training go/go-unit-test/internal/controllers/controller_test.go:60 @ 06/21/24 03:01:49.14 (0s)&#xA;&gt; Enter [AfterEach] ControllerTest - /Users/ahmadkrismanryuzaki/Documents/training go/go-unit-test/internal/controllers/controller_test.go:38 @ 06/21/24 03:01:49.14&#xA;&lt; Exit [AfterEach] ControllerTest - /Users/ahmadkrismanryuzaki/Documents/training go/go-unit-test/internal/controllers/controller_test.go:38 @ 06/21/24 03:01:49.154 (14ms)&#xA;&gt; Enter [DeferCleanup (Each)] ControllerTest - /Users/ahmadkrismanryuzaki/Documents/dsi/service/pkg/mod/github.com/golang/mock@v1.6.0/gomock/controller.go:137 @ 06/21/24 03:01:49.154&#xA;&lt; Exit [DeferCleanup (Each)] ControllerTest - /Users/ahmadkrismanryuzaki/Documents/dsi/service/pkg/mod/github.com/golang/mock@v1.6.0/gomock/controller.go:137 @ 06/21/24 03:01:49.154 (0s)&#xA;</system-err>
          </testcase>
          <testcase name="[It] ControllerTest SignIn when sign in is successful should return 200 OK" classname="Controller Suite" status="passed" time="0.007065459">
              <system-err>&gt; Enter [BeforeEach] ControllerTest - /Users/ahmadkrismanryuzaki/Documents/training go/go-unit-test/internal/controllers/controller_test.go:30 @ 06/21/24 03:01:49.155&#xA;&lt; Exit [BeforeEach] ControllerTest - /Users/ahmadkrismanryuzaki/Documents/training go/go-unit-test/internal/controllers/controller_test.go:30 @ 06/21/24 03:01:49.155 (0s)&#xA;&gt; Enter [It] should return 200 OK - /Users/ahmadkrismanryuzaki/Documents/training go/go-unit-test/internal/controllers/controller_test.go:80 @ 06/21/24 03:01:49.155&#xA;&lt; Exit [It] should return 200 OK - /Users/ahmadkrismanryuzaki/Documents/training go/go-unit-test/internal/controllers/controller_test.go:80 @ 06/21/24 03:01:49.155 (0s)&#xA;&gt; Enter [AfterEach] ControllerTest - /Users/ahmadkrismanryuzaki/Documents/training go/go-unit-test/internal/controllers/controller_test.go:38 @ 06/21/24 03:01:49.162&#xA;&lt; Exit [AfterEach] ControllerTest - /Users/ahmadkrismanryuzaki/Documents/training go/go-unit-test/internal/controllers/controller_test.go:38 @ 06/21/24 03:01:49.162 (0s)&#xA;&gt; Enter [DeferCleanup (Each)] ControllerTest - /Users/ahmadkrismanryuzaki/Documents/dsi/service/pkg/mod/github.com/golang/mock@v1.6.0/gomock/controller.go:137 @ 06/21/24 03:01:49.162&#xA;&lt; Exit [DeferCleanup (Each)] ControllerTest - /Users/ahmadkrismanryuzaki/Documents/dsi/service/pkg/mod/github.com/golang/mock@v1.6.0/gomock/controller.go:137 @ 06/21/24 03:01:49.162 (0s)&#xA;</system-err>
          </testcase>
          <testcase name="[It] ControllerTest SignIn when sign in fails should return 404 OK" classname="Controller Suite" status="passed" time="0.033896625">
              <system-err>&gt; Enter [BeforeEach] ControllerTest - /Users/ahmadkrismanryuzaki/Documents/training go/go-unit-test/internal/controllers/controller_test.go:30 @ 06/21/24 03:01:49.164&#xA;&lt; Exit [BeforeEach] ControllerTest - /Users/ahmadkrismanryuzaki/Documents/training go/go-unit-test/internal/controllers/controller_test.go:30 @ 06/21/24 03:01:49.164 (0s)&#xA;&gt; Enter [It] should return 404 OK - /Users/ahmadkrismanryuzaki/Documents/training go/go-unit-test/internal/controllers/controller_test.go:96 @ 06/21/24 03:01:49.164&#xA;&lt; Exit [It] should return 404 OK - /Users/ahmadkrismanryuzaki/Documents/training go/go-unit-test/internal/controllers/controller_test.go:96 @ 06/21/24 03:01:49.197 (33ms)&#xA;&gt; Enter [AfterEach] ControllerTest - /Users/ahmadkrismanryuzaki/Documents/training go/go-unit-test/internal/controllers/controller_test.go:38 @ 06/21/24 03:01:49.197&#xA;&lt; Exit [AfterEach] ControllerTest - /Users/ahmadkrismanryuzaki/Documents/training go/go-unit-test/internal/controllers/controller_test.go:38 @ 06/21/24 03:01:49.197 (0s)&#xA;&gt; Enter [DeferCleanup (Each)] ControllerTest - /Users/ahmadkrismanryuzaki/Documents/dsi/service/pkg/mod/github.com/golang/mock@v1.6.0/gomock/controller.go:137 @ 06/21/24 03:01:49.197&#xA;&lt; Exit [DeferCleanup (Each)] ControllerTest - /Users/ahmadkrismanryuzaki/Documents/dsi/service/pkg/mod/github.com/golang/mock@v1.6.0/gomock/controller.go:137 @ 06/21/24 03:01:49.197 (0s)&#xA;</system-err>
          </testcase>
      </testsuite>
      <testsuite name="AuthRepository Suite" package="/Users/ahmadkrismanryuzaki/Documents/training go/go-unit-test/internal/repositories" tests="4" disabled="0" skipped="0" errors="0" failures="0" time="0.032445917" timestamp="2024-06-21T03:01:57">
          <properties>
              <property name="SuiteSucceeded" value="true"></property>
              <property name="SuiteHasProgrammaticFocus" value="false"></property>
              <property name="SpecialSuiteFailureReason" value=""></property>
              <property name="SuiteLabels" value="[]"></property>
              <property name="RandomSeed" value="1718913697"></property>
              <property name="RandomizeAllSpecs" value="false"></property>
              <property name="LabelFilter" value=""></property>
              <property name="FocusStrings" value=""></property>
              <property name="SkipStrings" value=""></property>
              <property name="FocusFiles" value=""></property>
              <property name="SkipFiles" value=""></property>
              <property name="FailOnPending" value="false"></property>
              <property name="FailOnEmpty" value="false"></property>
              <property name="FailFast" value="false"></property>
              <property name="FlakeAttempts" value="0"></property>
              <property name="DryRun" value="false"></property>
              <property name="ParallelTotal" value="1"></property>
              <property name="OutputInterceptorMode" value=""></property>
          </properties>
          <testcase name="[It] AuthRepository CreateUser with valid data should create new user successfully" classname="AuthRepository Suite" status="passed" time="0.003361583">
              <system-err>&gt; Enter [BeforeEach] AuthRepository - /Users/ahmadkrismanryuzaki/Documents/training go/go-unit-test/internal/repositories/auth_repository_test.go:23 @ 06/21/24 03:01:57.202&#xA;&lt; Exit [BeforeEach] AuthRepository - /Users/ahmadkrismanryuzaki/Documents/training go/go-unit-test/internal/repositories/auth_repository_test.go:23 @ 06/21/24 03:01:57.205 (3ms)&#xA;&gt; Enter [It] should create new user successfully - /Users/ahmadkrismanryuzaki/Documents/training go/go-unit-test/internal/repositories/auth_repository_test.go:30 @ 06/21/24 03:01:57.205&#xA;&lt; Exit [It] should create new user successfully - /Users/ahmadkrismanryuzaki/Documents/training go/go-unit-test/internal/repositories/auth_repository_test.go:30 @ 06/21/24 03:01:57.205 (0s)&#xA;</system-err>
          </testcase>
          <testcase name="[It] AuthRepository CreateUser with invalid data should create new user error" classname="AuthRepository Suite" status="passed" time="0.001943208">
              <system-err>&gt; Enter [BeforeEach] AuthRepository - /Users/ahmadkrismanryuzaki/Documents/training go/go-unit-test/internal/repositories/auth_repository_test.go:23 @ 06/21/24 03:01:57.214&#xA;&lt; Exit [BeforeEach] AuthRepository - /Users/ahmadkrismanryuzaki/Documents/training go/go-unit-test/internal/repositories/auth_repository_test.go:23 @ 06/21/24 03:01:57.215 (1ms)&#xA;&gt; Enter [It] should create new user error - /Users/ahmadkrismanryuzaki/Documents/training go/go-unit-test/internal/repositories/auth_repository_test.go:37 @ 06/21/24 03:01:57.215&#xA;&lt; Exit [It] should create new user error - /Users/ahmadkrismanryuzaki/Documents/training go/go-unit-test/internal/repositories/auth_repository_test.go:37 @ 06/21/24 03:01:57.216 (1ms)&#xA;</system-err>
          </testcase>
          <testcase name="[It] AuthRepository FindUserByUsername with valid data should return valid user" classname="AuthRepository Suite" status="passed" time="0.013422583">
              <system-err>&gt; Enter [BeforeEach] AuthRepository - /Users/ahmadkrismanryuzaki/Documents/training go/go-unit-test/internal/repositories/auth_repository_test.go:23 @ 06/21/24 03:01:57.217&#xA;&lt; Exit [BeforeEach] AuthRepository - /Users/ahmadkrismanryuzaki/Documents/training go/go-unit-test/internal/repositories/auth_repository_test.go:23 @ 06/21/24 03:01:57.218 (0s)&#xA;&gt; Enter [It] should return valid user - /Users/ahmadkrismanryuzaki/Documents/training go/go-unit-test/internal/repositories/auth_repository_test.go:46 @ 06/21/24 03:01:57.218&#xA;&lt; Exit [It] should return valid user - /Users/ahmadkrismanryuzaki/Documents/training go/go-unit-test/internal/repositories/auth_repository_test.go:46 @ 06/21/24 03:01:57.218 (0s)&#xA;</system-err>
          </testcase>
          <testcase name="[It] AuthRepository FindUserByUsername with invalid data should return error not found" classname="AuthRepository Suite" status="passed" time="0.002052583">
              <system-err>&gt; Enter [BeforeEach] AuthRepository - /Users/ahmadkrismanryuzaki/Documents/training go/go-unit-test/internal/repositories/auth_repository_test.go:23 @ 06/21/24 03:01:57.231&#xA;&lt; Exit [BeforeEach] AuthRepository - /Users/ahmadkrismanryuzaki/Documents/training go/go-unit-test/internal/repositories/auth_repository_test.go:23 @ 06/21/24 03:01:57.233 (2ms)&#xA;&gt; Enter [It] should return error not found - /Users/ahmadkrismanryuzaki/Documents/training go/go-unit-test/internal/repositories/auth_repository_test.go:54 @ 06/21/24 03:01:57.233&#xA;&lt; Exit [It] should return error not found - /Users/ahmadkrismanryuzaki/Documents/training go/go-unit-test/internal/repositories/auth_repository_test.go:54 @ 06/21/24 03:01:57.233 (0s)&#xA;</system-err>
          </testcase>
      </testsuite>
      <testsuite name="AuthUseCase Suite" package="/Users/ahmadkrismanryuzaki/Documents/training go/go-unit-test/internal/usecases" tests="8" disabled="0" skipped="0" errors="0" failures="0" time="0.410158708" timestamp="2024-06-21T03:01:57">
          <properties>
              <property name="SuiteSucceeded" value="true"></property>
              <property name="SuiteHasProgrammaticFocus" value="false"></property>
              <property name="SpecialSuiteFailureReason" value=""></property>
              <property name="SuiteLabels" value="[]"></property>
              <property name="RandomSeed" value="1718913697"></property>
              <property name="RandomizeAllSpecs" value="false"></property>
              <property name="LabelFilter" value=""></property>
              <property name="FocusStrings" value=""></property>
              <property name="SkipStrings" value=""></property>
              <property name="FocusFiles" value=""></property>
              <property name="SkipFiles" value=""></property>
              <property name="FailOnPending" value="false"></property>
              <property name="FailOnEmpty" value="false"></property>
              <property name="FailFast" value="false"></property>
              <property name="FlakeAttempts" value="0"></property>
              <property name="DryRun" value="false"></property>
              <property name="ParallelTotal" value="1"></property>
              <property name="OutputInterceptorMode" value=""></property>
          </properties>
          <testcase name="[It] AuthUseCase SignUp when signing up a user successfully should sign up a user successfully" classname="AuthUseCase Suite" status="passed" time="0.164293375">
              <system-err>&gt; Enter [BeforeEach] AuthUseCase - /Users/ahmadkrismanryuzaki/Documents/training go/go-unit-test/internal/usecases/auth_usecase_test.go:29 @ 06/21/24 03:01:57.7&#xA;&lt; Exit [BeforeEach] AuthUseCase - /Users/ahmadkrismanryuzaki/Documents/training go/go-unit-test/internal/usecases/auth_usecase_test.go:29 @ 06/21/24 03:01:57.7 (0s)&#xA;&gt; Enter [It] should sign up a user successfully - /Users/ahmadkrismanryuzaki/Documents/training go/go-unit-test/internal/usecases/auth_usecase_test.go:43 @ 06/21/24 03:01:57.7&#xA;&lt; Exit [It] should sign up a user successfully - /Users/ahmadkrismanryuzaki/Documents/training go/go-unit-test/internal/usecases/auth_usecase_test.go:43 @ 06/21/24 03:01:57.864 (164ms)&#xA;&gt; Enter [AfterEach] AuthUseCase - /Users/ahmadkrismanryuzaki/Documents/training go/go-unit-test/internal/usecases/auth_usecase_test.go:37 @ 06/21/24 03:01:57.864&#xA;&lt; Exit [AfterEach] AuthUseCase - /Users/ahmadkrismanryuzaki/Documents/training go/go-unit-test/internal/usecases/auth_usecase_test.go:37 @ 06/21/24 03:01:57.864 (0s)&#xA;&gt; Enter [DeferCleanup (Each)] AuthUseCase - /Users/ahmadkrismanryuzaki/Documents/dsi/service/pkg/mod/github.com/golang/mock@v1.6.0/gomock/controller.go:137 @ 06/21/24 03:01:57.864&#xA;&lt; Exit [DeferCleanup (Each)] AuthUseCase - /Users/ahmadkrismanryuzaki/Documents/dsi/service/pkg/mod/github.com/golang/mock@v1.6.0/gomock/controller.go:137 @ 06/21/24 03:01:57.864 (0s)&#xA;</system-err>
          </testcase>
          <testcase name="[It] AuthUseCase SignUp when invalid password should return an error invalid password" classname="AuthUseCase Suite" status="passed" time="0.00734875">
              <system-err>&gt; Enter [BeforeEach] AuthUseCase - /Users/ahmadkrismanryuzaki/Documents/training go/go-unit-test/internal/usecases/auth_usecase_test.go:29 @ 06/21/24 03:01:57.867&#xA;&lt; Exit [BeforeEach] AuthUseCase - /Users/ahmadkrismanryuzaki/Documents/training go/go-unit-test/internal/usecases/auth_usecase_test.go:29 @ 06/21/24 03:01:57.867 (0s)&#xA;&gt; Enter [It] should return an error invalid password - /Users/ahmadkrismanryuzaki/Documents/training go/go-unit-test/internal/usecases/auth_usecase_test.go:71 @ 06/21/24 03:01:57.867&#xA;&lt; Exit [It] should return an error invalid password - /Users/ahmadkrismanryuzaki/Documents/training go/go-unit-test/internal/usecases/auth_usecase_test.go:71 @ 06/21/24 03:01:57.867 (0s)&#xA;&gt; Enter [AfterEach] AuthUseCase - /Users/ahmadkrismanryuzaki/Documents/training go/go-unit-test/internal/usecases/auth_usecase_test.go:37 @ 06/21/24 03:01:57.867&#xA;&lt; Exit [AfterEach] AuthUseCase - /Users/ahmadkrismanryuzaki/Documents/training go/go-unit-test/internal/usecases/auth_usecase_test.go:37 @ 06/21/24 03:01:57.874 (7ms)&#xA;&gt; Enter [DeferCleanup (Each)] AuthUseCase - /Users/ahmadkrismanryuzaki/Documents/dsi/service/pkg/mod/github.com/golang/mock@v1.6.0/gomock/controller.go:137 @ 06/21/24 03:01:57.874&#xA;&lt; Exit [DeferCleanup (Each)] AuthUseCase - /Users/ahmadkrismanryuzaki/Documents/dsi/service/pkg/mod/github.com/golang/mock@v1.6.0/gomock/controller.go:137 @ 06/21/24 03:01:57.874 (0s)&#xA;</system-err>
          </testcase>
          <testcase name="[It] AuthUseCase SignUp when invalid email should return an error invalid email" classname="AuthUseCase Suite" status="passed" time="0.00169125">
              <system-err>&gt; Enter [BeforeEach] AuthUseCase - /Users/ahmadkrismanryuzaki/Documents/training go/go-unit-test/internal/usecases/auth_usecase_test.go:29 @ 06/21/24 03:01:57.875&#xA;&lt; Exit [BeforeEach] AuthUseCase - /Users/ahmadkrismanryuzaki/Documents/training go/go-unit-test/internal/usecases/auth_usecase_test.go:29 @ 06/21/24 03:01:57.875 (0s)&#xA;&gt; Enter [It] should return an error invalid email - /Users/ahmadkrismanryuzaki/Documents/training go/go-unit-test/internal/usecases/auth_usecase_test.go:83 @ 06/21/24 03:01:57.875&#xA;&lt; Exit [It] should return an error invalid email - /Users/ahmadkrismanryuzaki/Documents/training go/go-unit-test/internal/usecases/auth_usecase_test.go:83 @ 06/21/24 03:01:57.875 (0s)&#xA;&gt; Enter [AfterEach] AuthUseCase - /Users/ahmadkrismanryuzaki/Documents/training go/go-unit-test/internal/usecases/auth_usecase_test.go:37 @ 06/21/24 03:01:57.877&#xA;&lt; Exit [AfterEach] AuthUseCase - /Users/ahmadkrismanryuzaki/Documents/training go/go-unit-test/internal/usecases/auth_usecase_test.go:37 @ 06/21/24 03:01:57.877 (0s)&#xA;&gt; Enter [DeferCleanup (Each)] AuthUseCase - /Users/ahmadkrismanryuzaki/Documents/dsi/service/pkg/mod/github.com/golang/mock@v1.6.0/gomock/controller.go:137 @ 06/21/24 03:01:57.877&#xA;&lt; Exit [DeferCleanup (Each)] AuthUseCase - /Users/ahmadkrismanryuzaki/Documents/dsi/service/pkg/mod/github.com/golang/mock@v1.6.0/gomock/controller.go:137 @ 06/21/24 03:01:57.877 (0s)&#xA;</system-err>
          </testcase>
          <testcase name="[It] AuthUseCase SignUp when bcrypt generate hash password fails should return an bcrypt error" classname="AuthUseCase Suite" status="passed" time="0.004161458">
              <system-err>&gt; Enter [BeforeEach] AuthUseCase - /Users/ahmadkrismanryuzaki/Documents/training go/go-unit-test/internal/usecases/auth_usecase_test.go:29 @ 06/21/24 03:01:57.878&#xA;&lt; Exit [BeforeEach] AuthUseCase - /Users/ahmadkrismanryuzaki/Documents/training go/go-unit-test/internal/usecases/auth_usecase_test.go:29 @ 06/21/24 03:01:57.878 (0s)&#xA;&gt; Enter [It] should return an bcrypt error - /Users/ahmadkrismanryuzaki/Documents/training go/go-unit-test/internal/usecases/auth_usecase_test.go:95 @ 06/21/24 03:01:57.878&#xA;&lt; Exit [It] should return an bcrypt error - /Users/ahmadkrismanryuzaki/Documents/training go/go-unit-test/internal/usecases/auth_usecase_test.go:95 @ 06/21/24 03:01:57.879 (1ms)&#xA;&gt; Enter [AfterEach] AuthUseCase - /Users/ahmadkrismanryuzaki/Documents/training go/go-unit-test/internal/usecases/auth_usecase_test.go:37 @ 06/21/24 03:01:57.879&#xA;&lt; Exit [AfterEach] AuthUseCase - /Users/ahmadkrismanryuzaki/Documents/training go/go-unit-test/internal/usecases/auth_usecase_test.go:37 @ 06/21/24 03:01:57.879 (0s)&#xA;&gt; Enter [DeferCleanup (Each)] AuthUseCase - /Users/ahmadkrismanryuzaki/Documents/dsi/service/pkg/mod/github.com/golang/mock@v1.6.0/gomock/controller.go:137 @ 06/21/24 03:01:57.879&#xA;&lt; Exit [DeferCleanup (Each)] AuthUseCase - /Users/ahmadkrismanryuzaki/Documents/dsi/service/pkg/mod/github.com/golang/mock@v1.6.0/gomock/controller.go:137 @ 06/21/24 03:01:57.879 (0s)&#xA;</system-err>
          </testcase>
          <testcase name="[It] AuthUseCase SignIn when signing in a user successfully should sign in a user successfully" classname="AuthUseCase Suite" status="passed" time="0.069925417">
              <system-err>&gt; Enter [BeforeEach] AuthUseCase - /Users/ahmadkrismanryuzaki/Documents/training go/go-unit-test/internal/usecases/auth_usecase_test.go:29 @ 06/21/24 03:01:57.882&#xA;&lt; Exit [BeforeEach] AuthUseCase - /Users/ahmadkrismanryuzaki/Documents/training go/go-unit-test/internal/usecases/auth_usecase_test.go:29 @ 06/21/24 03:01:57.882 (0s)&#xA;&gt; Enter [It] should sign in a user successfully - /Users/ahmadkrismanryuzaki/Documents/training go/go-unit-test/internal/usecases/auth_usecase_test.go:111 @ 06/21/24 03:01:57.883&#xA;&lt; Exit [It] should sign in a user successfully - /Users/ahmadkrismanryuzaki/Documents/training go/go-unit-test/internal/usecases/auth_usecase_test.go:111 @ 06/21/24 03:01:57.952 (69ms)&#xA;&gt; Enter [AfterEach] AuthUseCase - /Users/ahmadkrismanryuzaki/Documents/training go/go-unit-test/internal/usecases/auth_usecase_test.go:37 @ 06/21/24 03:01:57.952&#xA;&lt; Exit [AfterEach] AuthUseCase - /Users/ahmadkrismanryuzaki/Documents/training go/go-unit-test/internal/usecases/auth_usecase_test.go:37 @ 06/21/24 03:01:57.952 (0s)&#xA;&gt; Enter [DeferCleanup (Each)] AuthUseCase - /Users/ahmadkrismanryuzaki/Documents/dsi/service/pkg/mod/github.com/golang/mock@v1.6.0/gomock/controller.go:137 @ 06/21/24 03:01:57.952&#xA;&lt; Exit [DeferCleanup (Each)] AuthUseCase - /Users/ahmadkrismanryuzaki/Documents/dsi/service/pkg/mod/github.com/golang/mock@v1.6.0/gomock/controller.go:137 @ 06/21/24 03:01:57.952 (0s)&#xA;</system-err>
          </testcase>
          <testcase name="[It] AuthUseCase SignIn when invalid username should return an error invalid username" classname="AuthUseCase Suite" status="passed" time="0.007742833">
              <system-err>&gt; Enter [BeforeEach] AuthUseCase - /Users/ahmadkrismanryuzaki/Documents/training go/go-unit-test/internal/usecases/auth_usecase_test.go:29 @ 06/21/24 03:01:57.952&#xA;&lt; Exit [BeforeEach] AuthUseCase - /Users/ahmadkrismanryuzaki/Documents/training go/go-unit-test/internal/usecases/auth_usecase_test.go:29 @ 06/21/24 03:01:57.959 (7ms)&#xA;&gt; Enter [It] should return an error invalid username - /Users/ahmadkrismanryuzaki/Documents/training go/go-unit-test/internal/usecases/auth_usecase_test.go:133 @ 06/21/24 03:01:57.959&#xA;&lt; Exit [It] should return an error invalid username - /Users/ahmadkrismanryuzaki/Documents/training go/go-unit-test/internal/usecases/auth_usecase_test.go:133 @ 06/21/24 03:01:57.959 (0s)&#xA;&gt; Enter [AfterEach] AuthUseCase - /Users/ahmadkrismanryuzaki/Documents/training go/go-unit-test/internal/usecases/auth_usecase_test.go:37 @ 06/21/24 03:01:57.959&#xA;&lt; Exit [AfterEach] AuthUseCase - /Users/ahmadkrismanryuzaki/Documents/training go/go-unit-test/internal/usecases/auth_usecase_test.go:37 @ 06/21/24 03:01:57.959 (0s)&#xA;&gt; Enter [DeferCleanup (Each)] AuthUseCase - /Users/ahmadkrismanryuzaki/Documents/dsi/service/pkg/mod/github.com/golang/mock@v1.6.0/gomock/controller.go:137 @ 06/21/24 03:01:57.96&#xA;&lt; Exit [DeferCleanup (Each)] AuthUseCase - /Users/ahmadkrismanryuzaki/Documents/dsi/service/pkg/mod/github.com/golang/mock@v1.6.0/gomock/controller.go:137 @ 06/21/24 03:01:57.96 (0s)&#xA;</system-err>
          </testcase>
          <testcase name="[It] AuthUseCase SignIn when password not match should return an error invalid credentials" classname="AuthUseCase Suite" status="passed" time="0.068874917">
              <system-err>&gt; Enter [BeforeEach] AuthUseCase - /Users/ahmadkrismanryuzaki/Documents/training go/go-unit-test/internal/usecases/auth_usecase_test.go:29 @ 06/21/24 03:01:57.96&#xA;&lt; Exit [BeforeEach] AuthUseCase - /Users/ahmadkrismanryuzaki/Documents/training go/go-unit-test/internal/usecases/auth_usecase_test.go:29 @ 06/21/24 03:01:57.961 (0s)&#xA;&gt; Enter [It] should return an error invalid credentials - /Users/ahmadkrismanryuzaki/Documents/training go/go-unit-test/internal/usecases/auth_usecase_test.go:144 @ 06/21/24 03:01:57.961&#xA;&lt; Exit [It] should return an error invalid credentials - /Users/ahmadkrismanryuzaki/Documents/training go/go-unit-test/internal/usecases/auth_usecase_test.go:144 @ 06/21/24 03:01:58.029 (69ms)&#xA;&gt; Enter [AfterEach] AuthUseCase - /Users/ahmadkrismanryuzaki/Documents/training go/go-unit-test/internal/usecases/auth_usecase_test.go:37 @ 06/21/24 03:01:58.029&#xA;&lt; Exit [AfterEach] AuthUseCase - /Users/ahmadkrismanryuzaki/Documents/training go/go-unit-test/internal/usecases/auth_usecase_test.go:37 @ 06/21/24 03:01:58.029 (0s)&#xA;&gt; Enter [DeferCleanup (Each)] AuthUseCase - /Users/ahmadkrismanryuzaki/Documents/dsi/service/pkg/mod/github.com/golang/mock@v1.6.0/gomock/controller.go:137 @ 06/21/24 03:01:58.029&#xA;&lt; Exit [DeferCleanup (Each)] AuthUseCase - /Users/ahmadkrismanryuzaki/Documents/dsi/service/pkg/mod/github.com/golang/mock@v1.6.0/gomock/controller.go:137 @ 06/21/24 03:01:58.029 (0s)&#xA;</system-err>
          </testcase>
          <testcase name="[It] AuthUseCase SignIn when token fails should return errors" classname="AuthUseCase Suite" status="passed" time="0.080045458">
              <system-err>&gt; Enter [BeforeEach] AuthUseCase - /Users/ahmadkrismanryuzaki/Documents/training go/go-unit-test/internal/usecases/auth_usecase_test.go:29 @ 06/21/24 03:01:58.029&#xA;&lt; Exit [BeforeEach] AuthUseCase - /Users/ahmadkrismanryuzaki/Documents/training go/go-unit-test/internal/usecases/auth_usecase_test.go:29 @ 06/21/24 03:01:58.029 (0s)&#xA;&gt; Enter [It] should return errors - /Users/ahmadkrismanryuzaki/Documents/training go/go-unit-test/internal/usecases/auth_usecase_test.go:166 @ 06/21/24 03:01:58.033&#xA;&lt; Exit [It] should return errors - /Users/ahmadkrismanryuzaki/Documents/training go/go-unit-test/internal/usecases/auth_usecase_test.go:166 @ 06/21/24 03:01:58.109 (77ms)&#xA;&gt; Enter [AfterEach] AuthUseCase - /Users/ahmadkrismanryuzaki/Documents/training go/go-unit-test/internal/usecases/auth_usecase_test.go:37 @ 06/21/24 03:01:58.109&#xA;&lt; Exit [AfterEach] AuthUseCase - /Users/ahmadkrismanryuzaki/Documents/training go/go-unit-test/internal/usecases/auth_usecase_test.go:37 @ 06/21/24 03:01:58.109 (0s)&#xA;&gt; Enter [DeferCleanup (Each)] AuthUseCase - /Users/ahmadkrismanryuzaki/Documents/dsi/service/pkg/mod/github.com/golang/mock@v1.6.0/gomock/controller.go:137 @ 06/21/24 03:01:58.109&#xA;&lt; Exit [DeferCleanup (Each)] AuthUseCase - /Users/ahmadkrismanryuzaki/Documents/dsi/service/pkg/mod/github.com/golang/mock@v1.6.0/gomock/controller.go:137 @ 06/21/24 03:01:58.109 (0s)&#xA;</system-err>
          </testcase>
      </testsuite>
  </testsuites>